<?xml version="1.0" encoding="UTF-8"?>
<!-- Generated by org.testng.reporters.JUnitReportReporter -->
<testsuite skipped="0" hostname="DESKTOP-RSJFH2I" name="com.mycompany.tests.ShopPageTest" tests="3" failures="0" timestamp="07 Sep 2018 20:17:46 GMT" time="77.843" errors="0">
  <testcase name="testApplyingSortOrder" time="24.148" classname="com.mycompany.tests.ShopPageTest"/>
  <testcase name="testApplyingSortOrder" time="30.130" classname="com.mycompany.tests.ShopPageTest"/>
  <testcase name="testApplyingSortOrder" time="23.565" classname="com.mycompany.tests.ShopPageTest"/>
</testsuite> <!-- com.mycompany.tests.ShopPageTest -->
