<?xml version="1.0" encoding="UTF-8"?>
<!-- Generated by org.testng.reporters.JUnitReportReporter -->
<testsuite skipped="0" hostname="DESKTOP-RSJFH2I" name="com.mycompany.tests.HomePageTest" tests="3" failures="0" timestamp="07 Sep 2018 20:17:46 GMT" time="100.316" errors="0">
  <testcase name="validateButton" time="34.184" classname="com.mycompany.tests.HomePageTest"/>
  <testcase name="validateAbout" time="33.943" classname="com.mycompany.tests.HomePageTest"/>
  <testcase name="validateMyAccount" time="32.189" classname="com.mycompany.tests.HomePageTest"/>
</testsuite> <!-- com.mycompany.tests.HomePageTest -->
