<?xml version="1.0" encoding="UTF-8"?>
<!-- Generated by org.testng.reporters.JUnitReportReporter -->
<testsuite skipped="0" hostname="MKAsusZenbook" name="com.mycompany.tests.FlightsMenuTest" tests="3" failures="0" timestamp="03 Mar 2019 16:35:42 GMT" time="93.854" errors="0">
  <testcase name="flightMenuPositiveTest" time="28.044" classname="com.mycompany.tests.FlightsMenuTest"/>
  <testcase name="flightMenuNegativeTest" time="29.957" classname="com.mycompany.tests.FlightsMenuTest"/>
  <testcase name="flightMenuPositiveTest" time="35.853" classname="com.mycompany.tests.FlightsMenuTest"/>
</testsuite> <!-- com.mycompany.tests.FlightsMenuTest -->
