<?xml version="1.0" encoding="UTF-8"?>
<!-- Generated by org.testng.reporters.JUnitReportReporter -->
<testsuite skipped="0" hostname="DESKTOP-RSJFH2I" name="com.mycompany.tests.LoginTest" tests="3" failures="0" timestamp="07 Sep 2018 20:17:46 GMT" time="85.281" errors="0">
  <testcase name="testSuccessfulLogin" time="24.382" classname="com.mycompany.tests.LoginTest"/>
  <testcase name="testSuccessfulLogin" time="28.551" classname="com.mycompany.tests.LoginTest"/>
  <testcase name="testSuccessfulLogin" time="32.348" classname="com.mycompany.tests.LoginTest"/>
</testsuite> <!-- com.mycompany.tests.LoginTest -->
