<?xml version="1.0" encoding="UTF-8"?>
<!-- Generated by org.testng.reporters.JUnitReportReporter -->
<testsuite skipped="0" hostname="DESKTOP-RSJFH2I" name="com.mycompany.tests.HomePageTest" tests="3" failures="0" timestamp="07 Sep 2018 20:24:29 GMT" time="105.663" errors="0">
  <testcase name="validateButton" time="30.457" classname="com.mycompany.tests.HomePageTest"/>
  <testcase name="validateAbout" time="32.236" classname="com.mycompany.tests.HomePageTest"/>
  <testcase name="validateMyAccount" time="42.970" classname="com.mycompany.tests.HomePageTest"/>
</testsuite> <!-- com.mycompany.tests.HomePageTest -->
