<?xml version="1.0" encoding="UTF-8"?>
<!-- Generated by org.testng.reporters.JUnitReportReporter -->
<testsuite skipped="0" hostname="DESKTOP-RSJFH2I" name="com.mycompany.tests.LoginTest" tests="3" failures="0" timestamp="07 Sep 2018 20:24:29 GMT" time="92.444" errors="0">
  <testcase name="testSuccessfulLogin" time="29.368" classname="com.mycompany.tests.LoginTest"/>
  <testcase name="testSuccessfulLogin" time="29.791" classname="com.mycompany.tests.LoginTest"/>
  <testcase name="testSuccessfulLogin" time="33.285" classname="com.mycompany.tests.LoginTest"/>
</testsuite> <!-- com.mycompany.tests.LoginTest -->
