<?xml version="1.0" encoding="UTF-8"?>
<!-- Generated by org.testng.reporters.JUnitReportReporter -->
<testsuite skipped="0" hostname="DESKTOP-RSJFH2I" name="com.mycompany.tests.ShopPageTest" tests="3" failures="0" timestamp="07 Sep 2018 20:24:29 GMT" time="72.431" errors="0">
  <testcase name="testApplyingSortOrder" time="20.793" classname="com.mycompany.tests.ShopPageTest"/>
  <testcase name="testApplyingSortOrder" time="24.760" classname="com.mycompany.tests.ShopPageTest"/>
  <testcase name="testApplyingSortOrder" time="26.878" classname="com.mycompany.tests.ShopPageTest"/>
</testsuite> <!-- com.mycompany.tests.ShopPageTest -->
